0 info it worked if it ends with ok
1 verbose cli [ 'node', '/usr/local/bin/npm', 'install', 'webpack', '-g' ]
2 info using npm@1.4.28
3 info using node@v0.10.33
4 verbose cache add [ 'webpack', null ]
5 verbose cache add name=undefined spec="webpack" args=["webpack",null]
6 verbose parsed url { protocol: null,
6 verbose parsed url   slashes: null,
6 verbose parsed url   auth: null,
6 verbose parsed url   host: null,
6 verbose parsed url   port: null,
6 verbose parsed url   hostname: null,
6 verbose parsed url   hash: null,
6 verbose parsed url   search: null,
6 verbose parsed url   query: null,
6 verbose parsed url   pathname: 'webpack',
6 verbose parsed url   path: 'webpack',
6 verbose parsed url   href: 'webpack' }
7 silly lockFile 057b6197-webpack webpack
8 verbose lock webpack /Users/twe/.npm/057b6197-webpack.lock
9 silly lockFile 057b6197-webpack webpack
10 silly lockFile 057b6197-webpack webpack
11 verbose addNamed [ 'webpack', '' ]
12 verbose addNamed [ null, '*' ]
13 silly lockFile 9c8dd08b-webpack webpack@
14 verbose lock webpack@ /Users/twe/.npm/9c8dd08b-webpack.lock
15 silly addNameRange { name: 'webpack', range: '*', hasData: false }
16 verbose request where is /webpack
17 verbose request registry https://registry.npmjs.org/
18 verbose request id e63b84f0cb99aa61
19 verbose url raw /webpack
20 verbose url resolving [ 'https://registry.npmjs.org/', './webpack' ]
21 verbose url resolved https://registry.npmjs.org/webpack
22 verbose request where is https://registry.npmjs.org/webpack
23 info trying registry request attempt 1 at 16:37:42
24 verbose etag "7D74CAKGZIIR6VOB91T9E3ZNF"
25 http GET https://registry.npmjs.org/webpack
26 http 200 https://registry.npmjs.org/webpack
27 silly registry.get cb [ 200,
27 silly registry.get   { server: 'CouchDB/1.5.0 (Erlang OTP/R16B03)',
27 silly registry.get     etag: '"6MDTA46XVBSH0L16Y1WYC1YTV"',
27 silly registry.get     'content-type': 'application/json',
27 silly registry.get     'cache-control': 'max-age=300',
27 silly registry.get     'content-length': '734583',
27 silly registry.get     'accept-ranges': 'bytes',
27 silly registry.get     date: 'Tue, 26 Jan 2016 08:37:42 GMT',
27 silly registry.get     via: '1.1 varnish',
27 silly registry.get     age: '65',
27 silly registry.get     connection: 'keep-alive',
27 silly registry.get     'x-served-by': 'cache-hkg6826-HKG',
27 silly registry.get     'x-cache': 'HIT',
27 silly registry.get     'x-cache-hits': '89',
27 silly registry.get     'x-timer': 'S1453797462.201561,VS0,VE0',
27 silly registry.get     vary: 'Accept' } ]
28 silly addNameRange number 2 { name: 'webpack', range: '*', hasData: true }
29 silly addNameRange versions [ 'webpack',
29 silly addNameRange   [ '0.1.0',
29 silly addNameRange     '0.1.1',
29 silly addNameRange     '0.1.2',
29 silly addNameRange     '0.1.3',
29 silly addNameRange     '0.1.4',
29 silly addNameRange     '0.1.5',
29 silly addNameRange     '0.1.6',
29 silly addNameRange     '0.2.0',
29 silly addNameRange     '0.2.1',
29 silly addNameRange     '0.2.2',
29 silly addNameRange     '0.2.3',
29 silly addNameRange     '0.2.4',
29 silly addNameRange     '0.2.6',
29 silly addNameRange     '0.2.7',
29 silly addNameRange     '0.2.8',
29 silly addNameRange     '0.3.0',
29 silly addNameRange     '0.3.1',
29 silly addNameRange     '0.3.2',
29 silly addNameRange     '0.3.3',
29 silly addNameRange     '0.3.4',
29 silly addNameRange     '0.3.6',
29 silly addNameRange     '0.3.7',
29 silly addNameRange     '0.3.8',
29 silly addNameRange     '0.3.9',
29 silly addNameRange     '0.3.10',
29 silly addNameRange     '0.3.11',
29 silly addNameRange     '0.3.12',
29 silly addNameRange     '0.3.13',
29 silly addNameRange     '0.3.14',
29 silly addNameRange     '0.3.15',
29 silly addNameRange     '0.3.16',
29 silly addNameRange     '0.3.17',
29 silly addNameRange     '0.3.18',
29 silly addNameRange     '0.3.19',
29 silly addNameRange     '0.3.20',
29 silly addNameRange     '0.4.0',
29 silly addNameRange     '0.4.1',
29 silly addNameRange     '0.4.2',
29 silly addNameRange     '0.4.3',
29 silly addNameRange     '0.4.4',
29 silly addNameRange     '0.4.5',
29 silly addNameRange     '0.4.6',
29 silly addNameRange     '0.4.7',
29 silly addNameRange     '0.4.8',
29 silly addNameRange     '0.4.9',
29 silly addNameRange     '0.4.10',
29 silly addNameRange     '0.4.11',
29 silly addNameRange     '0.4.12',
29 silly addNameRange     '0.4.13',
29 silly addNameRange     '0.4.14',
29 silly addNameRange     '0.4.15',
29 silly addNameRange     '0.4.16',
29 silly addNameRange     '0.4.17',
29 silly addNameRange     '0.4.18',
29 silly addNameRange     '0.4.19',
29 silly addNameRange     '0.4.20',
29 silly addNameRange     '0.4.21',
29 silly addNameRange     '0.4.23',
29 silly addNameRange     '0.4.24',
29 silly addNameRange     '0.4.25',
29 silly addNameRange     '0.5.0',
29 silly addNameRange     '0.5.1',
29 silly addNameRange     '0.5.2',
29 silly addNameRange     '0.5.3',
29 silly addNameRange     '0.5.4',
29 silly addNameRange     '0.5.5',
29 silly addNameRange     '0.5.6',
29 silly addNameRange     '0.5.7',
29 silly addNameRange     '0.5.8',
29 silly addNameRange     '0.5.10',
29 silly addNameRange     '0.6.0',
29 silly addNameRange     '0.6.1',
29 silly addNameRange     '0.6.2',
29 silly addNameRange     '0.7.0-beta',
29 silly addNameRange     '0.7.0-beta2',
29 silly addNameRange     '0.7.0-beta3',
29 silly addNameRange     '0.7.0-beta4',
29 silly addNameRange     '0.7.0-beta5',
29 silly addNameRange     '0.7.0-beta6',
29 silly addNameRange     '0.7.0-beta7',
29 silly addNameRange     '0.7.0-beta8',
29 silly addNameRange     '0.7.0',
29 silly addNameRange     '0.7.1',
29 silly addNameRange     '0.7.2',
29 silly addNameRange     '0.7.3',
29 silly addNameRange     '0.7.4',
29 silly addNameRange     '0.7.5',
29 silly addNameRange     '0.7.6',
29 silly addNameRange     '0.7.7',
29 silly addNameRange     '0.7.8',
29 silly addNameRange     '0.7.9',
29 silly addNameRange     '0.7.11',
29 silly addNameRange     '0.7.12',
29 silly addNameRange     '0.7.13',
29 silly addNameRange     '0.7.14',
29 silly addNameRange     '0.7.15',
29 silly addNameRange     '0.7.16',
29 silly addNameRange     '0.7.17',
29 silly addNameRange     '0.8.0-beta1',
29 silly addNameRange     '0.8.0-beta2',
29 silly addNameRange     '0.8.0-beta3',
29 silly addNameRange     '0.8.0-beta4',
29 silly addNameRange     '0.8.0',
29 silly addNameRange     '0.8.2',
29 silly addNameRange     '0.8.3',
29 silly addNameRange     '0.9.0-beta1',
29 silly addNameRange     '0.9.0-beta2',
29 silly addNameRange     '0.9.0-beta4',
29 silly addNameRange     '0.9.0-beta5',
29 silly addNameRange     '0.9.0-beta6',
29 silly addNameRange     '0.9.0-beta7',
29 silly addNameRange     '0.9.0-beta8',
29 silly addNameRange     '0.9.0-beta9',
29 silly addNameRange     '0.9.0-beta10',
29 silly addNameRange     '0.9.0-beta11',
29 silly addNameRange     '0.9.0-beta12',
29 silly addNameRange     '0.9.0-beta13',
29 silly addNameRange     '0.9.0-beta14',
29 silly addNameRange     '0.9.0-beta15',
29 silly addNameRange     '0.9.0-beta16',
29 silly addNameRange     '0.9.0-beta17',
29 silly addNameRange     '0.9.0-beta18',
29 silly addNameRange     '0.9.0-beta19',
29 silly addNameRange     '0.9.0-beta20',
29 silly addNameRange     '0.9.0-beta21',
29 silly addNameRange     '0.9.0-beta22',
29 silly addNameRange     '0.9.0-beta23',
29 silly addNameRange     '0.9.0-beta24',
29 silly addNameRange     '0.9.0-beta25',
29 silly addNameRange     '0.9.0-beta26',
29 silly addNameRange     '0.9.0-beta27',
29 silly addNameRange     '0.9.0-beta28',
29 silly addNameRange     '0.9.0-beta29',
29 silly addNameRange     '0.9.0-beta30',
29 silly addNameRange     '0.9.0-beta31',
29 silly addNameRange     '0.9.0-beta32',
29 silly addNameRange     '0.9.0-beta33',
29 silly addNameRange     '0.9.0-beta34',
29 silly addNameRange     '0.9.0-beta35',
29 silly addNameRange     '0.9.0-beta36',
29 silly addNameRange     '0.9.0-beta37',
29 silly addNameRange     '0.9.0-beta38',
29 silly addNameRange     '0.9.0',
29 silly addNameRange     '0.9.1',
29 silly addNameRange     '0.9.2',
29 silly addNameRange     '0.9.3',
29 silly addNameRange     '0.10.0-beta2',
29 silly addNameRange     '0.10.0-beta3',
29 silly addNameRange     '0.10.0-beta5',
29 silly addNameRange     '0.10.0-beta6',
29 silly addNameRange     '0.10.0-beta7',
29 silly addNameRange     '0.10.0-beta8',
29 silly addNameRange     '0.10.0-beta9',
29 silly addNameRange     '0.10.0-beta10',
29 silly addNameRange     '0.10.0-beta11',
29 silly addNameRange     '0.10.0-beta12',
29 silly addNameRange     '0.10.0-beta13',
29 silly addNameRange     '0.10.0-beta14',
29 silly addNameRange     '0.10.0-beta15',
29 silly addNameRange     '0.10.0-beta16',
29 silly addNameRange     '0.10.0-beta17',
29 silly addNameRange     '0.10.0-beta18',
29 silly addNameRange     '0.10.0-beta19',
29 silly addNameRange     '0.10.0-beta20',
29 silly addNameRange     '0.10.0-beta21',
29 silly addNameRange     '0.10.0-beta22',
29 silly addNameRange     '0.10.0-beta23',
29 silly addNameRange     '0.10.0-beta24',
29 silly addNameRange     '0.10.0-beta25',
29 silly addNameRange     '0.10.0',
29 silly addNameRange     '0.11.0-beta1',
29 silly addNameRange     '0.11.0-beta2',
29 silly addNameRange     '0.11.0-beta3',
29 silly addNameRange     '0.11.0-beta4',
29 silly addNameRange     '0.11.0-beta5',
29 silly addNameRange     '0.11.0-beta6',
29 silly addNameRange     '0.11.0-beta7',
29 silly addNameRange     '0.11.0-beta8',
29 silly addNameRange     '0.11.0-beta9',
29 silly addNameRange     '0.11.0-beta10',
29 silly addNameRange     '0.11.0-beta11',
29 silly addNameRange     '0.11.0-beta12',
29 silly addNameRange     '0.11.0-beta13',
29 silly addNameRange     '0.11.0-beta14',
29 silly addNameRange     '0.11.0-beta15',
29 silly addNameRange     '0.11.0-beta16',
29 silly addNameRange     '0.11.0-beta17',
29 silly addNameRange     '0.11.0-beta18',
29 silly addNameRange     '0.11.0-beta19',
29 silly addNameRange     '0.11.0-beta20',
29 silly addNameRange     '0.11.0-beta21',
29 silly addNameRange     '0.11.0-beta22',
29 silly addNameRange     '0.11.0-beta23',
29 silly addNameRange     '0.11.0-beta24',
29 silly addNameRange     '0.11.0-beta25',
29 silly addNameRange     '0.11.0-beta26',
29 silly addNameRange     '0.11.0-beta27',
29 silly addNameRange     '0.11.0-beta28',
29 silly addNameRange     '0.11.0-beta29',
29 silly addNameRange     '0.11.0',
29 silly addNameRange     '0.11.1',
29 silly addNameRange     '0.11.2',
29 silly addNameRange     '0.11.3',
29 silly addNameRange     '0.11.4',
29 silly addNameRange     '0.11.5',
29 silly addNameRange     '0.11.6',
29 silly addNameRange     '0.11.7',
29 silly addNameRange     '0.11.8',
29 silly addNameRange     '0.11.9',
29 silly addNameRange     '0.11.10',
29 silly addNameRange     '0.11.11',
29 silly addNameRange     '0.11.12',
29 silly addNameRange     '0.11.13',
29 silly addNameRange     '0.11.14',
29 silly addNameRange     '0.11.15',
29 silly addNameRange     '1.0.0-beta1',
29 silly addNameRange     '1.0.0-beta2',
29 silly addNameRange     '1.0.0-beta3',
29 silly addNameRange     '1.0.0-beta4',
29 silly addNameRange     '0.11.16',
29 silly addNameRange     '0.11.17',
29 silly addNameRange     '0.11.18',
29 silly addNameRange     '1.0.0-beta5',
29 silly addNameRange     '1.0.0-beta6',
29 silly addNameRange     '1.0.0-beta7',
29 silly addNameRange     '1.0.0-beta8',
29 silly addNameRange     '1.0.0-beta9',
29 silly addNameRange     '1.0.0-rc1',
29 silly addNameRange     '1.0.0-rc2',
29 silly addNameRange     '1.0.0-rc3',
29 silly addNameRange     '1.0.0-rc4',
29 silly addNameRange     '1.0.0-rc5',
29 silly addNameRange     '1.0.0-rc7',
29 silly addNameRange     '1.0.0-rc8',
29 silly addNameRange     '1.0.0-rc9',
29 silly addNameRange     '1.0.0-rc11',
29 silly addNameRange     '1.0.0-rc12',
29 silly addNameRange     '1.0.0',
29 silly addNameRange     '1.0.1',
29 silly addNameRange     '1.0.3',
29 silly addNameRange     '1.0.4',
29 silly addNameRange     '1.0.5',
29 silly addNameRange     '1.1.0-beta1',
29 silly addNameRange     '1.1.0-beta2',
29 silly addNameRange     '1.1.0-beta3',
29 silly addNameRange     '1.1.0-beta4',
29 silly addNameRange     '1.1.0-beta5',
29 silly addNameRange     '1.1.0-beta6',
29 silly addNameRange     '1.1.0-beta7',
29 silly addNameRange     '1.1.0-beta8',
29 silly addNameRange     '1.1.0-beta9',
29 silly addNameRange     '1.1.0-beta10',
29 silly addNameRange     '1.1.0-beta12',
29 silly addNameRange     '1.1.0',
29 silly addNameRange     '1.1.1',
29 silly addNameRange     '1.1.2',
29 silly addNameRange     '1.1.3',
29 silly addNameRange     '1.1.4',
29 silly addNameRange     '1.1.5',
29 silly addNameRange     '1.1.6',
29 silly addNameRange     '1.1.7',
29 silly addNameRange     '1.1.8',
29 silly addNameRange     '1.1.9',
29 silly addNameRange     '1.1.10',
29 silly addNameRange     '1.1.11',
29 silly addNameRange     '1.2.0-beta1',
29 silly addNameRange     '1.2.0-beta2',
29 silly addNameRange     '1.2.0-beta4',
29 silly addNameRange     '1.2.0-beta5',
29 silly addNameRange     '1.2.0-beta6',
29 silly addNameRange     '1.3.0-beta1',
29 silly addNameRange     '1.3.0-beta2',
29 silly addNameRange     '1.3.0-beta3',
29 silly addNameRange     '1.3.0-beta4',
29 silly addNameRange     '1.3.0-beta5',
29 silly addNameRange     '1.3.0-beta6',
29 silly addNameRange     '1.3.0-beta7',
29 silly addNameRange     '1.3.0-beta8',
29 silly addNameRange     '1.3.0-beta9',
29 silly addNameRange     '1.3.1-beta1',
29 silly addNameRange     '1.3.1-beta2',
29 silly addNameRange     '1.3.1-beta3',
29 silly addNameRange     '1.3.1-beta4',
29 silly addNameRange     '1.3.1-beta5',
29 silly addNameRange     '1.3.1-beta6',
29 silly addNameRange     '1.3.1-beta7',
29 silly addNameRange     '1.3.1-beta8',
29 silly addNameRange     '1.3.1-beta9',
29 silly addNameRange     '1.3.2-beta1',
29 silly addNameRange     '1.3.2-beta2',
29 silly addNameRange     '1.3.2-beta3',
29 silly addNameRange     '1.3.2-beta4',
29 silly addNameRange     '1.3.2-beta5',
29 silly addNameRange     '1.3.2-beta6',
29 silly addNameRange     '1.3.2-beta7',
29 silly addNameRange     '1.3.2-beta8',
29 silly addNameRange     '1.3.2-beta9',
29 silly addNameRange     '1.3.3-beta1',
29 silly addNameRange     '1.3.3-beta2',
29 silly addNameRange     '1.3.4',
29 silly addNameRange     '1.3.5',
29 silly addNameRange     '1.3.6',
29 silly addNameRange     '1.3.7',
29 silly addNameRange     '1.4.0-beta1',
29 silly addNameRange     '1.4.0-beta2',
29 silly addNameRange     '1.4.0-beta3',
29 silly addNameRange     '1.4.0-beta4',
29 silly addNameRange     '1.4.0-beta5',
29 silly addNameRange     '1.4.0-beta6',
29 silly addNameRange     '1.4.0-beta7',
29 silly addNameRange     '1.4.0-beta8',
29 silly addNameRange     '1.4.0-beta9',
29 silly addNameRange     '1.4.0-beta10',
29 silly addNameRange     '1.4.1-beta1',
29 silly addNameRange     '1.4.2',
29 silly addNameRange     '1.4.3',
29 silly addNameRange     '1.4.4',
29 silly addNameRange     '1.4.5',
29 silly addNameRange     '1.4.6',
29 silly addNameRange     '1.4.7',
29 silly addNameRange     '1.4.8',
29 silly addNameRange     '1.4.9',
29 silly addNameRange     '1.4.10',
29 silly addNameRange     '1.4.11',
29 silly addNameRange     '1.4.12',
29 silly addNameRange     '1.4.13',
29 silly addNameRange     '1.4.14',
29 silly addNameRange     '1.4.15',
29 silly addNameRange     '1.5.0',
29 silly addNameRange     '1.5.1',
29 silly addNameRange     '1.5.2',
29 silly addNameRange     '1.5.3',
29 silly addNameRange     '1.6.0',
29 silly addNameRange     '1.7.0',
29 silly addNameRange     '1.7.1',
29 silly addNameRange     '1.7.2',
29 silly addNameRange     '1.7.3',
29 silly addNameRange     '1.8.0',
29 silly addNameRange     '1.8.1',
29 silly addNameRange     '1.8.2',
29 silly addNameRange     '1.8.3',
29 silly addNameRange     '1.8.4',
29 silly addNameRange     '1.8.5',
29 silly addNameRange     '1.8.6',
29 silly addNameRange     '1.8.7',
29 silly addNameRange     '1.8.8',
29 silly addNameRange     '1.8.9',
29 silly addNameRange     '1.8.10',
29 silly addNameRange     '1.8.11',
29 silly addNameRange     '1.9.0',
29 silly addNameRange     '1.9.1',
29 silly addNameRange     '1.9.2',
29 silly addNameRange     '1.9.3',
29 silly addNameRange     '1.9.4',
29 silly addNameRange     '1.9.5',
29 silly addNameRange     '1.9.6',
29 silly addNameRange     '1.9.7',
29 silly addNameRange     '1.9.8',
29 silly addNameRange     '1.9.9',
29 silly addNameRange     '1.9.10',
29 silly addNameRange     '1.9.11',
29 silly addNameRange     '1.9.12',
29 silly addNameRange     '1.9.13',
29 silly addNameRange     '1.10.0',
29 silly addNameRange     '1.10.1',
29 silly addNameRange     '1.10.2',
29 silly addNameRange     '1.10.3',
29 silly addNameRange     '1.10.4',
29 silly addNameRange     '1.10.5',
29 silly addNameRange     '1.11.0',
29 silly addNameRange     '1.12.0',
29 silly addNameRange     '1.12.1',
29 silly addNameRange     '1.12.2',
29 silly addNameRange     '2.0.0-beta',
29 silly addNameRange     '1.12.3',
29 silly addNameRange     '1.12.4',
29 silly addNameRange     '1.12.5',
29 silly addNameRange     '1.12.6',
29 silly addNameRange     '1.12.7',
29 silly addNameRange     '1.12.8',
29 silly addNameRange     '1.12.9',
29 silly addNameRange     '2.0.1-beta',
29 silly addNameRange     '2.0.2-beta',
29 silly addNameRange     '1.12.10',
29 silly addNameRange     '1.12.11',
29 silly addNameRange     '2.0.4-beta',
29 silly addNameRange     '1.12.12' ] ]
30 verbose addNamed [ 'webpack', '1.12.12' ]
31 verbose addNamed [ '1.12.12', '1.12.12' ]
32 silly lockFile 09c54fcf-webpack-1-12-12 webpack@1.12.12
33 verbose lock webpack@1.12.12 /Users/twe/.npm/09c54fcf-webpack-1-12-12.lock
34 silly lockFile 51722980--org-webpack-webpack-1-12-12-tgz https://registry.npmjs.org/webpack/-/webpack-1.12.12.tgz
35 verbose lock https://registry.npmjs.org/webpack/-/webpack-1.12.12.tgz /Users/twe/.npm/51722980--org-webpack-webpack-1-12-12-tgz.lock
36 verbose addRemoteTarball [ 'https://registry.npmjs.org/webpack/-/webpack-1.12.12.tgz',
36 verbose addRemoteTarball   '06e7a379a1a6411eac6f1006d94b1b269e917a3b' ]
37 info retry fetch attempt 1 at 16:37:43
38 verbose fetch to= /var/folders/mt/f3ckt3fx09zfc3mhyyj3xjyh0000gn/T/npm-2687-YjzeyYKQ/registry.npmjs.org/webpack/-/webpack-1.12.12.tgz
39 http GET https://registry.npmjs.org/webpack/-/webpack-1.12.12.tgz
40 http 200 https://registry.npmjs.org/webpack/-/webpack-1.12.12.tgz
41 silly lockFile 51722980--org-webpack-webpack-1-12-12-tgz https://registry.npmjs.org/webpack/-/webpack-1.12.12.tgz
42 silly lockFile 51722980--org-webpack-webpack-1-12-12-tgz https://registry.npmjs.org/webpack/-/webpack-1.12.12.tgz
43 silly lockFile 09c54fcf-webpack-1-12-12 webpack@1.12.12
44 silly lockFile 09c54fcf-webpack-1-12-12 webpack@1.12.12
45 silly lockFile 9c8dd08b-webpack webpack@
46 silly lockFile 9c8dd08b-webpack webpack@
47 silly resolved [ { name: 'webpack',
47 silly resolved     version: '1.12.12',
47 silly resolved     author: { name: 'Tobias Koppers @sokra' },
47 silly resolved     description: 'Packs CommonJs/AMD modules for the browser. Allows to split your codebase into multiple bundles, which can be loaded on demand. Support loaders to preprocess files, i.e. json, jade, coffee, css, less, ... and your custom stuff.',
47 silly resolved     dependencies:
47 silly resolved      { async: '^1.3.0',
47 silly resolved        clone: '^1.0.2',
47 silly resolved        'enhanced-resolve': '~0.9.0',
47 silly resolved        esprima: '^2.5.0',
47 silly resolved        interpret: '^0.6.4',
47 silly resolved        'loader-utils': '^0.2.11',
47 silly resolved        'memory-fs': '~0.3.0',
47 silly resolved        mkdirp: '~0.5.0',
47 silly resolved        'node-libs-browser': '>= 0.4.0 <=0.6.0',
47 silly resolved        optimist: '~0.6.0',
47 silly resolved        'supports-color': '^3.1.0',
47 silly resolved        tapable: '~0.1.8',
47 silly resolved        'uglify-js': '~2.6.0',
47 silly resolved        watchpack: '^0.2.1',
47 silly resolved        'webpack-core': '~0.6.0' },
47 silly resolved     license: 'MIT',
47 silly resolved     devDependencies:
47 silly resolved      { benchmark: '^1.0.0',
47 silly resolved        'bundle-loader': '~0.5.0',
47 silly resolved        'codecov.io': '^0.1.2',
47 silly resolved        'coffee-loader': '~0.7.1',
47 silly resolved        'coffee-script': '^1.10.0',
47 silly resolved        'component-webpack-plugin': '~0.2.0',
47 silly resolved        coveralls: '^2.11.2',
47 silly resolved        'css-loader': '~0.15.0',
47 silly resolved        diff: '^2.0.2',
47 silly resolved        eslint: '^1.1.0',
47 silly resolved        'eslint-plugin-nodeca': '^1.0.3',
47 silly resolved        express: '~4.13.1',
47 silly resolved        'extract-text-webpack-plugin': '~0.8.0',
47 silly resolved        'file-loader': '~0.8.0',
47 silly resolved        glob: '^5.0.14',
47 silly resolved        'i18n-webpack-plugin': '~0.2.0',
47 silly resolved        istanbul: '^0.3.13',
47 silly resolved        jade: '^1.11.0',
47 silly resolved        'jade-loader': '~0.7.0',
47 silly resolved        'js-beautify': '^1.5.10',
47 silly resolved        'json-loader': '~0.5.1',
47 silly resolved        less: '^2.5.1',
47 silly resolved        'less-loader': '^2.0.0',
47 silly resolved        mocha: '~2.2.0',
47 silly resolved        'mocha-lcov-reporter': '0.0.2',
47 silly resolved        'raw-loader': '~0.5.0',
47 silly resolved        'script-loader': '~0.6.0',
47 silly resolved        should: '^7.0.2',
47 silly resolved        'style-loader': '~0.12.0',
47 silly resolved        'url-loader': '~0.5.0',
47 silly resolved        'val-loader': '~0.5.0',
47 silly resolved        'vm-browserify': '~0.0.0',
47 silly resolved        'webpack-dev-middleware': '^1.0.0',
47 silly resolved        'worker-loader': '~0.6.0' },
47 silly resolved     engines: { node: '>=0.6' },
47 silly resolved     repository:
47 silly resolved      { type: 'git',
47 silly resolved        url: 'git+https://github.com/webpack/webpack.git' },
47 silly resolved     homepage: 'https://github.com/webpack/webpack',
47 silly resolved     main: 'lib/webpack.js',
47 silly resolved     web: 'lib/webpack.web.js',
47 silly resolved     bin: { webpack: './bin/webpack.js' },
47 silly resolved     files: [ 'lib/', 'bin/', 'buildin/', 'hot/', 'web_modules/' ],
47 silly resolved     scripts:
47 silly resolved      { pretest: 'npm run lint && npm run beautify-lint',
47 silly resolved        test: 'mocha',
47 silly resolved        travis: 'npm run cover -- --report lcovonly',
47 silly resolved        lint: 'eslint lib bin hot scripts',
47 silly resolved        'beautify-lint': 'node ./scripts/beautify-check',
47 silly resolved        beautify: 'node ./scripts/beautify-rewrite',
47 silly resolved        precover: 'npm run lint && npm run beautify-lint',
47 silly resolved        cover: 'istanbul cover -x *.runtime.js node_modules/mocha/bin/_mocha',
47 silly resolved        'publish-patch': 'npm run lint && npm run beautify-lint && mocha && npm version patch && git push && git push --tags && npm publish' },
47 silly resolved     gitHead: 'c0420f1ca8e2a444a5b5192a58d88d8d7d710bb7',
47 silly resolved     bugs: { url: 'https://github.com/webpack/webpack/issues' },
47 silly resolved     _id: 'webpack@1.12.12',
47 silly resolved     _shasum: '06e7a379a1a6411eac6f1006d94b1b269e917a3b',
47 silly resolved     _from: 'webpack@',
47 silly resolved     _npmVersion: '3.3.3',
47 silly resolved     _nodeVersion: '5.4.1',
47 silly resolved     _npmUser: { name: 'sokra', email: 'tobias.koppers@googlemail.com' },
47 silly resolved     dist:
47 silly resolved      { shasum: '06e7a379a1a6411eac6f1006d94b1b269e917a3b',
47 silly resolved        tarball: 'http://registry.npmjs.org/webpack/-/webpack-1.12.12.tgz' },
47 silly resolved     maintainers: [ [Object] ],
47 silly resolved     directories: {},
47 silly resolved     _resolved: 'https://registry.npmjs.org/webpack/-/webpack-1.12.12.tgz' } ]
48 info install webpack@1.12.12 into /usr/local/lib
49 info installOne webpack@1.12.12
50 verbose lib/node_modules/webpack unbuild
51 verbose tar unpack /Users/twe/.npm/webpack/1.12.12/package.tgz
52 silly lockFile dd1c7ecc-r-local-lib-node-modules-webpack tar:///usr/local/lib/node_modules/webpack
53 verbose lock tar:///usr/local/lib/node_modules/webpack /Users/twe/.npm/dd1c7ecc-r-local-lib-node-modules-webpack.lock
54 silly lockFile 4c472631--npm-webpack-1-12-12-package-tgz tar:///Users/twe/.npm/webpack/1.12.12/package.tgz
55 verbose lock tar:///Users/twe/.npm/webpack/1.12.12/package.tgz /Users/twe/.npm/4c472631--npm-webpack-1-12-12-package-tgz.lock
56 silly gunzTarPerm modes [ '755', '644' ]
57 error Error: EACCES, mkdir '/usr/local/lib/node_modules/webpack'
57 error  { [Error: EACCES, mkdir '/usr/local/lib/node_modules/webpack']
57 error   errno: 3,
57 error   code: 'EACCES',
57 error   path: '/usr/local/lib/node_modules/webpack',
57 error   fstream_type: 'Directory',
57 error   fstream_path: '/usr/local/lib/node_modules/webpack',
57 error   fstream_class: 'DirWriter',
57 error   fstream_stack:
57 error    [ '/usr/local/lib/node_modules/npm/node_modules/fstream/lib/dir-writer.js:36:23',
57 error      '/usr/local/lib/node_modules/npm/node_modules/mkdirp/index.js:46:53',
57 error      'Object.oncomplete (fs.js:107:15)' ] }
58 error Please try running this command again as root/Administrator.
59 error System Darwin 14.5.0
60 error command "node" "/usr/local/bin/npm" "install" "webpack" "-g"
61 error cwd /Users/twe/Projects/webpack
62 error node -v v0.10.33
63 error npm -v 1.4.28
64 error path /usr/local/lib/node_modules/webpack
65 error fstream_path /usr/local/lib/node_modules/webpack
66 error fstream_type Directory
67 error fstream_class DirWriter
68 error code EACCES
69 error errno 3
70 error stack Error: EACCES, mkdir '/usr/local/lib/node_modules/webpack'
71 error fstream_stack /usr/local/lib/node_modules/npm/node_modules/fstream/lib/dir-writer.js:36:23
71 error fstream_stack /usr/local/lib/node_modules/npm/node_modules/mkdirp/index.js:46:53
71 error fstream_stack Object.oncomplete (fs.js:107:15)
72 verbose exit [ 3, true ]
